<?xml version="1.0" encoding="UTF-8" ?>
<testsuite tests="5" failures="0" name="br.com.academico.professor.ProfessorResourceTest" time="0.46" errors="0" skipped="0">
  <properties>
[...]
</properties>
  <testcase classname="br.com.academico.professor.ProfessorResourceTest" name="test_recuperar_professor_por_matricula" time="0.098"/>
  <testcase classname="br.com.academico.professor.ProfessorResourceTest" name="teste_deletar_professor_por_id" time="0.094"/>
  <testcase classname="br.com.academico.professor.ProfessorResourceTest" name="teste_recuperar_lista_professores" time="0.095"/>
  <testcase classname="br.com.academico.professor.ProfessorResourceTest" name="teste_criar_professor" time="0.095"/>
  <testcase classname="br.com.academico.professor.ProfessorResourceTest" name="teste_atualizar_professor_por_matricula" time="0.078"/>
</testsuite>